<?xml version="1.0" encoding="UTF-8"?>
<robot generator="Robot 7.3.2 (Python 3.13.5 on win32)" generated="2026-01-01T16:59:10.939843" rpa="false" schemaversion="5">
<suite id="s1" name="Login" source="c:\Users\joaov\.robotframework-ls\google.robot\login.robot">
<test id="s1-t1" name="Cenário 5: Inserir e-mail e senha Válidos" line="103">
<kw name="Abrir site">
<kw name="Open Browser" owner="SeleniumLibrary">
<msg time="2026-01-01T16:59:13.886137" level="INFO">Opening browser 'chrome' to base url 'https://horadoqa.github.io/login/'.</msg>
<arg>${url_site}</arg>
<arg>${browser}</arg>
<doc>Opens a new browser instance to the optional ``url``.</doc>
<status status="PASS" start="2026-01-01T16:59:13.881216" elapsed="8.244072"/>
</kw>
<status status="PASS" start="2026-01-01T16:59:13.873365" elapsed="8.253253"/>
</kw>
<kw name="Ambos Válidos">
<kw name="Click Element" owner="SeleniumLibrary">
<msg time="2026-01-01T16:59:22.172520" level="INFO">Clicking element '//*[@id="username"]'.</msg>
<arg>${locator_username}</arg>
<doc>Click the element identified by ``locator``.</doc>
<status status="PASS" start="2026-01-01T16:59:22.170292" elapsed="0.814800"/>
</kw>
<kw name="Input Text" owner="SeleniumLibrary">
<msg time="2026-01-01T16:59:22.989294" level="INFO">Typing text 'usuario@example.com' into text field '//*[@id="username"]'.</msg>
<arg>${locator_username}</arg>
<arg>text=usuario@example.com</arg>
<doc>Types the given ``text`` into the text field identified by ``locator``.</doc>
<status status="PASS" start="2026-01-01T16:59:22.987448" elapsed="0.612399"/>
</kw>
<kw name="Click Element" owner="SeleniumLibrary">
<msg time="2026-01-01T16:59:23.602584" level="INFO">Clicking element '//*[@id="password"]'.</msg>
<arg>${locator_password}</arg>
<doc>Click the element identified by ``locator``.</doc>
<status status="PASS" start="2026-01-01T16:59:23.601023" elapsed="0.333688"/>
</kw>
<kw name="Input Text" owner="SeleniumLibrary">
<msg time="2026-01-01T16:59:23.937409" level="INFO">Typing text '1q2w3e4r' into text field '//*[@id="password"]'.</msg>
<arg>${locator_password}</arg>
<arg>text=1q2w3e4r</arg>
<doc>Types the given ``text`` into the text field identified by ``locator``.</doc>
<status status="PASS" start="2026-01-01T16:59:23.935865" elapsed="0.424329"/>
</kw>
<kw name="Click Element" owner="SeleniumLibrary">
<msg time="2026-01-01T16:59:24.364868" level="INFO">Clicking element '//button[contains(text(),"Entrar")]'.</msg>
<arg>${locator_button}</arg>
<doc>Click the element identified by ``locator``.</doc>
<status status="PASS" start="2026-01-01T16:59:24.363217" elapsed="1.394755"/>
</kw>
<kw name="Sleep" owner="BuiltIn">
<msg time="2026-01-01T16:59:28.761160" level="INFO">Slept 3 seconds.</msg>
<arg>3s</arg>
<doc>Pauses the test executed for the given time.</doc>
<status status="PASS" start="2026-01-01T16:59:25.759072" elapsed="3.003195"/>
</kw>
<kw name="Wait Until Element Is Visible" owner="SeleniumLibrary">
<arg>${validar}</arg>
<doc>Waits until the element ``locator`` is visible.</doc>
<status status="PASS" start="2026-01-01T16:59:28.763434" elapsed="0.115375"/>
</kw>
<kw name="Element Should Be Visible" owner="SeleniumLibrary">
<msg time="2026-01-01T16:59:28.960131" level="INFO">Element '//h1[contains(text(),"Bem")]' is displayed.</msg>
<arg>${validar}</arg>
<doc>Verifies that the element identified by ``locator`` is visible.</doc>
<status status="PASS" start="2026-01-01T16:59:28.879778" elapsed="0.081495"/>
</kw>
<kw name="Sleep" owner="BuiltIn">
<msg time="2026-01-01T17:00:28.964654" level="INFO">Slept 1 minute.</msg>
<arg>60s</arg>
<doc>Pauses the test executed for the given time.</doc>
<status status="PASS" start="2026-01-01T16:59:28.962613" elapsed="60.002987"/>
</kw>
<status status="PASS" start="2026-01-01T16:59:22.168182" elapsed="66.798122"/>
</kw>
<kw name="Fechar site">
<kw name="Close Browser" owner="SeleniumLibrary">
<doc>Closes the current browser.</doc>
<status status="PASS" start="2026-01-01T17:00:28.970834" elapsed="3.028307"/>
</kw>
<status status="PASS" start="2026-01-01T17:00:28.968952" elapsed="3.031117"/>
</kw>
<status status="PASS" start="2026-01-01T16:59:13.867667" elapsed="78.139716"/>
</test>
<status status="PASS" start="2026-01-01T16:59:10.981328" elapsed="81.038241"/>
</suite>
<statistics>
<total>
<stat pass="1" fail="0" skip="0">All Tests</stat>
</total>
<tag>
</tag>
<suite>
<stat name="Login" id="s1" pass="1" fail="0" skip="0">Login</stat>
</suite>
</statistics>
<errors>
</errors>
</robot>
